<?xml version="1.0" encoding="UTF-8"?>
<!-- Generated by org.testng.reporters.JUnitReportReporter -->
<testsuite hostname="MSI" failures="0" tests="1" name="testing.test1" time="12.550" errors="0" timestamp="2023-02-27T16:16:56 IST" skipped="0">
  <testcase classname="testing.test1" name="test1" time="12.550"/>
  <system-out/>
</testsuite> <!-- testing.test1 -->
